??? Warning: Next.js inferred your workspace root, but it may not be correct.
 We detected multiple lockfiles and selected the directory of C:\Users\yazan\OneDrive\Desktop\dev app\Ai helper\package-lock.json as the root directory.
 To silence this warning, set `outputFileTracingRoot` in your Next.js config, or consider removing one of the lockfiles if it's not needed.
   See https://nextjs.org/docs/app/api-reference/config/next-config-js/output#caveats for more information.
 Detected additional lockfiles: 
   * C:\Users\yazan\OneDrive\Desktop\dev app\Ai helper\formbridge-ai\package-lock.json

??? Next.js 16.1.6 (webpack)
- Environments: .env.local

  Creating an optimized production build ...
??? Compiled successfully in 2.8s
  Running TypeScript ...
  Collecting page data using 15 workers ...
Warning: STRIPE_SECRET_KEY not set
Warning: STRIPE_SECRET_KEY not set
Error: Neither apiKey nor config.authenticator provided
    at c._setAuthenticator (C:\Users\yazan\OneDrive\Desktop\dev app\Ai helper\formbridge-ai\.next\server\chunks\216.js:1:87989)
    at new c (C:\Users\yazan\OneDrive\Desktop\dev app\Ai helper\formbridge-ai\.next\server\chunks\216.js:1:82595)
    at 84728 (C:\Users\yazan\OneDrive\Desktop\dev app\Ai helper\formbridge-ai\.next\server\app\api\payments\checkout\route.js:1:10476)
    at k (C:\Users\yazan\OneDrive\Desktop\dev app\Ai helper\formbridge-ai\.next\server\webpack-runtime.js:1:144)
    at 10923 (C:\Users\yazan\OneDrive\Desktop\dev app\Ai helper\formbridge-ai\.next\server\app\api\payments\checkout\route.js:1:744)
    at k (C:\Users\yazan\OneDrive\Desktop\dev app\Ai helper\formbridge-ai\.next\server\webpack-runtime.js:1:144)
    at <unknown> (C:\Users\yazan\OneDrive\Desktop\dev app\Ai helper\formbridge-ai\.next\server\app\api\payments\checkout\route.js:1:11137)
    at k.X (C:\Users\yazan\OneDrive\Desktop\dev app\Ai helper\formbridge-ai\.next\server\webpack-runtime.js:1:2102)
    at <unknown> (C:\Users\yazan\OneDrive\Desktop\dev app\Ai helper\formbridge-ai\.next\server\app\api\payments\checkout\route.js:1:11111)
    at Object.<anonymous> (C:\Users\yazan\OneDrive\Desktop\dev app\Ai helper\formbridge-ai\.next\server\app\api\payments\checkout\route.js:1:11169)

> Build error occurred
Error: Failed to collect page data for /api/payments/checkout
    at ignore-listed frames {
  type: 'Error'
}
